# JRE version: Java(TM) SE Runtime Environment (8.0_181-b13) (build 1.8.0_181-b13)
# Java VM: Java HotSpot(TM) 64-Bit Server VM (25.181-b13 mixed mode windows-amd64 compressed oops)
Heap:
 PSYoungGen      total 108032K, used 68392K [0x000000076b700000, 0x0000000773380000, 0x00000007c0000000)
  eden space 88576K, 55% used [0x000000076b700000,0x000000076e6ce570,0x0000000770d80000)
  from space 19456K, 99% used [0x0000000770d80000,0x000000077207bdd0,0x0000000772080000)
  to   space 15872K, 0% used [0x0000000772400000,0x0000000772400000,0x0000000773380000)
 ParOldGen       total 133120K, used 42494K [0x00000006c2400000, 0x00000006ca600000, 0x000000076b700000)
  object space 133120K, 31% used [0x00000006c2400000,0x00000006c4d7f9a8,0x00000006ca600000)
 Metaspace       used 32618K, capacity 33568K, committed 33792K, reserved 1079296K
  class space    used 3760K, capacity 4000K, committed 4096K, reserved 1048576K
GC Heap History (10 events):
Event: 8.460 GC heap before
{Heap before GC invocations=8 (full 1):
 PSYoungGen      total 75776K, used 65024K [0x000000076b700000, 0x0000000770b80000, 0x00000007c0000000)
  eden space 65024K, 100% used [0x000000076b700000,0x000000076f680000,0x000000076f680000)
  from space 10752K, 0% used [0x0000000770100000,0x0000000770100000,0x0000000770b80000)
  to   space 10752K, 0% used [0x000000076f680000,0x000000076f680000,0x0000000770100000)
 ParOldGen       total 133120K, used 25789K [0x00000006c2400000, 0x00000006ca600000, 0x000000076b700000)
  object space 133120K, 19% used [0x00000006c2400000,0x00000006c3d2f458,0x00000006ca600000)
 Metaspace       used 23805K, capacity 24542K, committed 24832K, reserved 1071104K
  class space    used 2737K, capacity 2981K, committed 3072K, reserved 1048576K
Event: 8.465 GC heap after
Heap after GC invocations=8 (full 1):
 PSYoungGen      total 75776K, used 5456K [0x000000076b700000, 0x0000000773780000, 0x00000007c0000000)
  eden space 65024K, 0% used [0x000000076b700000,0x000000076b700000,0x000000076f680000)
  from space 10752K, 50% used [0x000000076f680000,0x000000076fbd4218,0x0000000770100000)
  to   space 19968K, 0% used [0x0000000772400000,0x0000000772400000,0x0000000773780000)
 ParOldGen       total 133120K, used 25797K [0x00000006c2400000, 0x00000006ca600000, 0x000000076b700000)
  object space 133120K, 19% used [0x00000006c2400000,0x00000006c3d31458,0x00000006ca600000)
 Metaspace       used 23805K, capacity 24542K, committed 24832K, reserved 1071104K
  class space    used 2737K, capacity 2981K, committed 3072K, reserved 1048576K
}
Event: 10.968 GC heap before
{Heap before GC invocations=9 (full 1):
 PSYoungGen      total 75776K, used 70480K [0x000000076b700000, 0x0000000773780000, 0x00000007c0000000)
  eden space 65024K, 100% used [0x000000076b700000,0x000000076f680000,0x000000076f680000)
  from space 10752K, 50% used [0x000000076f680000,0x000000076fbd4218,0x0000000770100000)
  to   space 19968K, 0% used [0x0000000772400000,0x0000000772400000,0x0000000773780000)
 ParOldGen       total 133120K, used 25797K [0x00000006c2400000, 0x00000006ca600000, 0x000000076b700000)
  object space 133120K, 19% used [0x00000006c2400000,0x00000006c3d31458,0x00000006ca600000)
 Metaspace       used 29488K, capacity 30352K, committed 30592K, reserved 1077248K
  class space    used 3472K, capacity 3698K, committed 3712K, reserved 1048576K
Event: 10.976 GC heap after
Heap after GC invocations=9 (full 1):
 PSYoungGen      total 104448K, used 9847K [0x000000076b700000, 0x0000000773380000, 0x00000007c0000000)
  eden space 88576K, 0% used [0x000000076b700000,0x000000076b700000,0x0000000770d80000)
  from space 15872K, 62% used [0x0000000772400000,0x0000000772d9dfe8,0x0000000773380000)
  to   space 19456K, 0% used [0x0000000770d80000,0x0000000770d80000,0x0000000772080000)
 ParOldGen       total 133120K, used 25805K [0x00000006c2400000, 0x00000006ca600000, 0x000000076b700000)
  object space 133120K, 19% used [0x00000006c2400000,0x00000006c3d33458,0x00000006ca600000)
 Metaspace       used 29488K, capacity 30352K, committed 30592K, reserved 1077248K
  class space    used 3472K, capacity 3698K, committed 3712K, reserved 1048576K
}
Event: 12.020 GC heap before
{Heap before GC invocations=10 (full 1):
 PSYoungGen      total 104448K, used 98423K [0x000000076b700000, 0x0000000773380000, 0x00000007c0000000)
  eden space 88576K, 100% used [0x000000076b700000,0x0000000770d80000,0x0000000770d80000)
  from space 15872K, 62% used [0x0000000772400000,0x0000000772d9dfe8,0x0000000773380000)
  to   space 19456K, 0% used [0x0000000770d80000,0x0000000770d80000,0x0000000772080000)
 ParOldGen       total 133120K, used 25805K [0x00000006c2400000, 0x00000006ca600000, 0x000000076b700000)
  object space 133120K, 19% used [0x00000006c2400000,0x00000006c3d33458,0x00000006ca600000)
 Metaspace       used 30443K, capacity 31280K, committed 31488K, reserved 1077248K
  class space    used 3558K, capacity 3794K, committed 3840K, reserved 1048576K
Event: 12.043 GC heap after
Heap after GC invocations=10 (full 1):
 PSYoungGen      total 108032K, used 19440K [0x000000076b700000, 0x0000000773380000, 0x00000007c0000000)
  eden space 88576K, 0% used [0x000000076b700000,0x000000076b700000,0x0000000770d80000)
  from space 19456K, 99% used [0x0000000770d80000,0x000000077207c260,0x0000000772080000)
  to   space 15872K, 0% used [0x0000000772400000,0x0000000772400000,0x0000000773380000)
 ParOldGen       total 133120K, used 34199K [0x00000006c2400000, 0x00000006ca600000, 0x000000076b700000)
  object space 133120K, 25% used [0x00000006c2400000,0x00000006c4565f00,0x00000006ca600000)
 Metaspace       used 30443K, capacity 31280K, committed 31488K, reserved 1077248K
  class space    used 3558K, capacity 3794K, committed 3840K, reserved 1048576K
}
Event: 12.275 GC heap before
{Heap before GC invocations=11 (full 1):
 PSYoungGen      total 108032K, used 108016K [0x000000076b700000, 0x0000000773380000, 0x00000007c0000000)
  eden space 88576K, 100% used [0x000000076b700000,0x0000000770d80000,0x0000000770d80000)
  from space 19456K, 99% used [0x0000000770d80000,0x000000077207c260,0x0000000772080000)
  to   space 15872K, 0% used [0x0000000772400000,0x0000000772400000,0x0000000773380000)
 ParOldGen       total 133120K, used 34199K [0x00000006c2400000, 0x00000006ca600000, 0x000000076b700000)
  object space 133120K, 25% used [0x00000006c2400000,0x00000006c4565f00,0x00000006ca600000)
 Metaspace       used 30699K, capacity 31504K, committed 31744K, reserved 1077248K
  class space    used 3573K, capacity 3826K, committed 3840K, reserved 1048576K
Event: 12.287 GC heap after
Heap after GC invocations=11 (full 1):
 PSYoungGen      total 104448K, used 15852K [0x000000076b700000, 0x0000000773380000, 0x00000007c0000000)
  eden space 88576K, 0% used [0x000000076b700000,0x000000076b700000,0x0000000770d80000)
  from space 15872K, 99% used [0x0000000772400000,0x000000077337b358,0x0000000773380000)
  to   space 19456K, 0% used [0x0000000770d80000,0x0000000770d80000,0x0000000772080000)
 ParOldGen       total 133120K, used 40904K [0x00000006c2400000, 0x00000006ca600000, 0x000000076b700000)
  object space 133120K, 30% used [0x00000006c2400000,0x00000006c4bf2030,0x00000006ca600000)
 Metaspace       used 30699K, capacity 31504K, committed 31744K, reserved 1077248K
  class space    used 3573K, capacity 3826K, committed 3840K, reserved 1048576K
}
Event: 14.244 GC heap before
{Heap before GC invocations=12 (full 1):
 PSYoungGen      total 104448K, used 104428K [0x000000076b700000, 0x0000000773380000, 0x00000007c0000000)
  eden space 88576K, 100% used [0x000000076b700000,0x0000000770d80000,0x0000000770d80000)
  from space 15872K, 99% used [0x0000000772400000,0x000000077337b358,0x0000000773380000)
  to   space 19456K, 0% used [0x0000000770d80000,0x0000000770d80000,0x0000000772080000)
 ParOldGen       total 133120K, used 40904K [0x00000006c2400000, 0x00000006ca600000, 0x000000076b700000)
  object space 133120K, 30% used [0x00000006c2400000,0x00000006c4bf2030,0x00000006ca600000)
 Metaspace       used 31503K, capacity 32404K, committed 32640K, reserved 1077248K
  class space    used 3625K, capacity 3870K, committed 3968K, reserved 1048576K
Event: 14.259 GC heap after
Heap after GC invocations=12 (full 1):
 PSYoungGen      total 108032K, used 19439K [0x000000076b700000, 0x0000000773380000, 0x00000007c0000000)
  eden space 88576K, 0% used [0x000000076b700000,0x000000076b700000,0x0000000770d80000)
  from space 19456K, 99% used [0x0000000770d80000,0x000000077207bdd0,0x0000000772080000)
  to   space 15872K, 0% used [0x0000000772400000,0x0000000772400000,0x0000000773380000)
 ParOldGen       total 133120K, used 42494K [0x00000006c2400000, 0x00000006ca600000, 0x000000076b700000)
  object space 133120K, 31% used [0x00000006c2400000,0x00000006c4d7f9a8,0x00000006ca600000)
 Metaspace       used 31503K, capacity 32404K, committed 32640K, reserved 1077248K
  class space    used 3625K, capacity 3870K, committed 3968K, reserved 1048576K
}

